Arguments: 
  C:\Program Files\nodejs\node.exe C:\Users\LEM\AppData\Roaming\npm\node_modules\yarn\bin\yarn.js add express@4.16.4 body-parser@1.18.3 mongoose@5.3.4 handlebars@4.7.3 express-handlebars@3.0.0 ndemon@2.0.2

PATH: 
  C:\composer;C:\Program Files\nodejs\;C:\wamp64\bin\php\php7.2.18;C:\Users\LEM\AppData\Roaming\Composer\vendor\bin;C:\Users\LEM\AppData\Roaming\npm

Yarn version: 
  1.17.3

Node version: 
  12.13.1

Platform: 
  win32 x64

Trace: 
  Error: https://registry.yarnpkg.com/ndemon: Not found
      at Request.params.callback [as _callback] (C:\Users\LEM\AppData\Roaming\npm\node_modules\yarn\lib\cli.js:66830:18)
      at Request.self.callback (C:\Users\LEM\AppData\Roaming\npm\node_modules\yarn\lib\cli.js:140464:22)
      at Request.emit (events.js:210:5)
      at Request.<anonymous> (C:\Users\LEM\AppData\Roaming\npm\node_modules\yarn\lib\cli.js:141436:10)
      at Request.emit (events.js:210:5)
      at IncomingMessage.<anonymous> (C:\Users\LEM\AppData\Roaming\npm\node_modules\yarn\lib\cli.js:141358:12)
      at Object.onceWrapper (events.js:299:28)
      at IncomingMessage.emit (events.js:215:7)
      at endReadableNT (_stream_readable.js:1184:12)
      at processTicksAndRejections (internal/process/task_queues.js:80:21)

npm manifest: 
  {
    "name": "crud",
    "version": "1.0.0",
    "main": "index.js",
    "license": "MIT"
  }

yarn manifest: 
  No manifest

Lockfile: 
  No lockfile
